[debug] [2023-07-27T14:57:20.112Z] ----------------------------------------------------------------------
[debug] [2023-07-27T14:57:20.113Z] Command:       c:\Program Files\nodejs\node.exe c:\Users\agust\AppData\Roaming\npm\node_modules\firebase-tools\lib\bin\firebase.js deploy
[debug] [2023-07-27T14:57:20.114Z] CLI Version:   11.29.1
[debug] [2023-07-27T14:57:20.114Z] Platform:      win32
[debug] [2023-07-27T14:57:20.114Z] Node Version:  v18.13.0
[debug] [2023-07-27T14:57:20.115Z] Time:          Thu Jul 27 2023 11:57:20 GMT-0300 (hora estándar de Argentina)
[debug] [2023-07-27T14:57:20.115Z] ----------------------------------------------------------------------
[debug] 
[debug] [2023-07-27T14:57:20.128Z] >>> [apiv2][query] GET https://firebase-public.firebaseio.com/cli.json [none]
[debug] [2023-07-27T14:57:20.227Z] > command requires scopes: ["email","openid","https://www.googleapis.com/auth/cloudplatformprojects.readonly","https://www.googleapis.com/auth/firebase","https://www.googleapis.com/auth/cloud-platform"]
[debug] [2023-07-27T14:57:20.227Z] > authorizing via signed-in user (agustin528rios@gmail.com)
[debug] [2023-07-27T14:57:20.227Z] [iam] checking project projectninja-nc for permissions ["firebase.projects.get","firebasehosting.sites.update"]
[debug] [2023-07-27T14:57:20.228Z] > refreshing access token with scopes: []
[debug] [2023-07-27T14:57:20.229Z] >>> [apiv2][query] POST https://www.googleapis.com/oauth2/v3/token [none]
[debug] [2023-07-27T14:57:20.229Z] >>> [apiv2][body] POST https://www.googleapis.com/oauth2/v3/token [omitted]
[debug] [2023-07-27T14:57:20.522Z] <<< [apiv2][status] POST https://www.googleapis.com/oauth2/v3/token 200
[debug] [2023-07-27T14:57:20.522Z] <<< [apiv2][body] POST https://www.googleapis.com/oauth2/v3/token [omitted]
[debug] [2023-07-27T14:57:20.568Z] >>> [apiv2][query] POST https://cloudresourcemanager.googleapis.com/v1/projects/projectninja-nc:testIamPermissions [none]
[debug] [2023-07-27T14:57:20.569Z] >>> [apiv2][(partial)header] POST https://cloudresourcemanager.googleapis.com/v1/projects/projectninja-nc:testIamPermissions x-goog-quota-user=projects/projectninja-nc
[debug] [2023-07-27T14:57:20.569Z] >>> [apiv2][body] POST https://cloudresourcemanager.googleapis.com/v1/projects/projectninja-nc:testIamPermissions {"permissions":["firebase.projects.get","firebasehosting.sites.update"]}
[debug] [2023-07-27T14:57:20.602Z] <<< [apiv2][status] GET https://firebase-public.firebaseio.com/cli.json 200
[debug] [2023-07-27T14:57:20.602Z] <<< [apiv2][body] GET https://firebase-public.firebaseio.com/cli.json {"cloudBuildErrorAfter":1594252800000,"cloudBuildWarnAfter":1590019200000,"defaultNode10After":1594252800000,"minVersion":"3.0.5","node8DeploysDisabledAfter":1613390400000,"node8RuntimeDisabledAfter":1615809600000,"node8WarnAfter":1600128000000}
[debug] [2023-07-27T14:57:21.543Z] <<< [apiv2][status] POST https://cloudresourcemanager.googleapis.com/v1/projects/projectninja-nc:testIamPermissions 200
[debug] [2023-07-27T14:57:21.543Z] <<< [apiv2][body] POST https://cloudresourcemanager.googleapis.com/v1/projects/projectninja-nc:testIamPermissions {"permissions":["firebase.projects.get","firebasehosting.sites.update"]}
[debug] [2023-07-27T14:57:21.544Z] >>> [apiv2][query] GET https://firebase.googleapis.com/v1beta1/projects/projectninja-nc [none]
[debug] [2023-07-27T14:57:21.924Z] <<< [apiv2][status] GET https://firebase.googleapis.com/v1beta1/projects/projectninja-nc 200
